{"/Users/romanov-km/Documents/dev/sb/stellar-burgers/src/services/store.ts": {"path":"/Users/romanov-km/Documents/dev/sb/stellar-burgers/src/services/store.ts","all":false,"statementMap":{"0":{"start":{"line":1,"column":0},"end":{"line":1,"column":67}},"1":{"start":{"line":2,"column":0},"end":{"line":2,"column":56}},"2":{"start":{"line":3,"column":0},"end":{"line":3,"column":0}},"3":{"start":{"line":4,"column":0},"end":{"line":4,"column":8}},"4":{"start":{"line":5,"column":0},"end":{"line":5,"column":23}},"5":{"start":{"line":6,"column":0},"end":{"line":6,"column":30}},"6":{"start":{"line":7,"column":0},"end":{"line":7,"column":29}},"7":{"start":{"line":8,"column":0},"end":{"line":8,"column":21}},"8":{"start":{"line":9,"column":0},"end":{"line":9,"column":55}},"9":{"start":{"line":10,"column":0},"end":{"line":10,"column":44}},"10":{"start":{"line":11,"column":0},"end":{"line":11,"column":70}},"11":{"start":{"line":12,"column":0},"end":{"line":12,"column":46}},"12":{"start":{"line":13,"column":0},"end":{"line":13,"column":48}},"13":{"start":{"line":14,"column":0},"end":{"line":14,"column":0}},"14":{"start":{"line":15,"column":0},"end":{"line":15,"column":44}},"15":{"start":{"line":16,"column":0},"end":{"line":16,"column":52}},"16":{"start":{"line":17,"column":0},"end":{"line":17,"column":20}},"17":{"start":{"line":18,"column":0},"end":{"line":18,"column":20}},"18":{"start":{"line":19,"column":0},"end":{"line":19,"column":46}},"19":{"start":{"line":20,"column":0},"end":{"line":20,"column":22}},"20":{"start":{"line":21,"column":0},"end":{"line":21,"column":23}},"21":{"start":{"line":22,"column":0},"end":{"line":22,"column":46}},"22":{"start":{"line":23,"column":0},"end":{"line":23,"column":0}},"23":{"start":{"line":24,"column":0},"end":{"line":24,"column":30}},"24":{"start":{"line":25,"column":0},"end":{"line":25,"column":23}},"25":{"start":{"line":26,"column":0},"end":{"line":26,"column":49}},"26":{"start":{"line":27,"column":0},"end":{"line":27,"column":3}},"27":{"start":{"line":28,"column":0},"end":{"line":28,"column":0}},"28":{"start":{"line":29,"column":0},"end":{"line":29,"column":61}},"29":{"start":{"line":30,"column":0},"end":{"line":30,"column":0}},"30":{"start":{"line":31,"column":0},"end":{"line":31,"column":48}},"31":{"start":{"line":32,"column":0},"end":{"line":32,"column":0}},"32":{"start":{"line":33,"column":0},"end":{"line":33,"column":67}},"33":{"start":{"line":34,"column":0},"end":{"line":34,"column":73}},"34":{"start":{"line":35,"column":0},"end":{"line":35,"column":0}},"35":{"start":{"line":36,"column":0},"end":{"line":36,"column":21}}},"s":{"0":1,"1":1,"2":1,"3":1,"4":1,"5":1,"6":1,"7":1,"8":1,"9":1,"10":1,"11":1,"12":1,"13":1,"14":1,"15":1,"16":1,"17":1,"18":1,"19":1,"20":1,"21":1,"22":1,"23":1,"24":1,"25":1,"26":1,"27":1,"28":1,"29":1,"30":1,"31":1,"32":1,"33":1,"34":1,"35":1},"branchMap":{},"b":{},"fnMap":{"0":{"name":"useDispatch","decl":{"start":{"line":33,"column":46},"end":{"line":33,"column":64}},"loc":{"start":{"line":33,"column":46},"end":{"line":33,"column":64}},"line":33}},"f":{"0":0}}
,"/Users/romanov-km/Documents/dev/sb/stellar-burgers/src/services/slices/burgerConstructor.ts": {"path":"/Users/romanov-km/Documents/dev/sb/stellar-burgers/src/services/slices/burgerConstructor.ts","all":false,"statementMap":{"0":{"start":{"line":1,"column":0},"end":{"line":1,"column":8}},"1":{"start":{"line":2,"column":0},"end":{"line":2,"column":25}},"2":{"start":{"line":3,"column":0},"end":{"line":3,"column":16}},"3":{"start":{"line":4,"column":0},"end":{"line":4,"column":9}},"4":{"start":{"line":5,"column":0},"end":{"line":5,"column":13}},"5":{"start":{"line":6,"column":0},"end":{"line":6,"column":22}},"6":{"start":{"line":7,"column":0},"end":{"line":7,"column":47}},"7":{"start":{"line":8,"column":0},"end":{"line":8,"column":54}},"8":{"start":{"line":9,"column":0},"end":{"line":9,"column":52}},"9":{"start":{"line":10,"column":0},"end":{"line":10,"column":38}},"10":{"start":{"line":11,"column":0},"end":{"line":11,"column":0}},"11":{"start":{"line":12,"column":0},"end":{"line":12,"column":39}},"12":{"start":{"line":13,"column":0},"end":{"line":13,"column":40}},"13":{"start":{"line":14,"column":0},"end":{"line":14,"column":37}},"14":{"start":{"line":15,"column":0},"end":{"line":15,"column":24}},"15":{"start":{"line":16,"column":0},"end":{"line":16,"column":23}},"16":{"start":{"line":17,"column":0},"end":{"line":17,"column":2}},"17":{"start":{"line":18,"column":0},"end":{"line":18,"column":0}},"18":{"start":{"line":19,"column":0},"end":{"line":19,"column":47}},"19":{"start":{"line":20,"column":0},"end":{"line":20,"column":12}},"20":{"start":{"line":21,"column":0},"end":{"line":21,"column":18}},"21":{"start":{"line":22,"column":0},"end":{"line":22,"column":29}},"22":{"start":{"line":23,"column":0},"end":{"line":23,"column":13}},"23":{"start":{"line":24,"column":0},"end":{"line":24,"column":2}},"24":{"start":{"line":25,"column":0},"end":{"line":25,"column":0}},"25":{"start":{"line":26,"column":0},"end":{"line":26,"column":33}},"26":{"start":{"line":27,"column":0},"end":{"line":27,"column":0}},"27":{"start":{"line":28,"column":0},"end":{"line":28,"column":70}},"28":{"start":{"line":29,"column":0},"end":{"line":29,"column":34}},"29":{"start":{"line":30,"column":0},"end":{"line":30,"column":28}},"30":{"start":{"line":31,"column":0},"end":{"line":31,"column":57}},"31":{"start":{"line":32,"column":0},"end":{"line":32,"column":26}},"32":{"start":{"line":33,"column":0},"end":{"line":33,"column":3}},"33":{"start":{"line":34,"column":0},"end":{"line":34,"column":2}},"34":{"start":{"line":35,"column":0},"end":{"line":35,"column":0}},"35":{"start":{"line":36,"column":0},"end":{"line":36,"column":51}},"36":{"start":{"line":37,"column":0},"end":{"line":37,"column":33}},"37":{"start":{"line":38,"column":0},"end":{"line":38,"column":15}},"38":{"start":{"line":39,"column":0},"end":{"line":39,"column":13}},"39":{"start":{"line":40,"column":0},"end":{"line":40,"column":10}},"40":{"start":{"line":41,"column":0},"end":{"line":41,"column":79}},"41":{"start":{"line":42,"column":0},"end":{"line":42,"column":37}},"42":{"start":{"line":43,"column":0},"end":{"line":43,"column":30}},"43":{"start":{"line":44,"column":0},"end":{"line":44,"column":16}},"44":{"start":{"line":45,"column":0},"end":{"line":45,"column":42}},"45":{"start":{"line":46,"column":0},"end":{"line":46,"column":9}},"46":{"start":{"line":47,"column":0},"end":{"line":47,"column":8}},"47":{"start":{"line":48,"column":0},"end":{"line":48,"column":46}},"48":{"start":{"line":49,"column":0},"end":{"line":49,"column":59}},"49":{"start":{"line":50,"column":0},"end":{"line":50,"column":8}},"50":{"start":{"line":51,"column":0},"end":{"line":51,"column":6}},"51":{"start":{"line":52,"column":0},"end":{"line":52,"column":60}},"52":{"start":{"line":53,"column":0},"end":{"line":53,"column":51}},"53":{"start":{"line":54,"column":0},"end":{"line":54,"column":39}},"54":{"start":{"line":55,"column":0},"end":{"line":55,"column":8}},"55":{"start":{"line":56,"column":0},"end":{"line":56,"column":6}},"56":{"start":{"line":57,"column":0},"end":{"line":57,"column":23}},"57":{"start":{"line":58,"column":0},"end":{"line":58,"column":29}},"58":{"start":{"line":59,"column":0},"end":{"line":59,"column":23}},"59":{"start":{"line":60,"column":0},"end":{"line":60,"column":40}},"60":{"start":{"line":61,"column":0},"end":{"line":61,"column":25}},"61":{"start":{"line":62,"column":0},"end":{"line":62,"column":5}},"62":{"start":{"line":63,"column":0},"end":{"line":63,"column":4}},"63":{"start":{"line":64,"column":0},"end":{"line":64,"column":31}},"64":{"start":{"line":65,"column":0},"end":{"line":65,"column":11}},"65":{"start":{"line":66,"column":0},"end":{"line":66,"column":48}},"66":{"start":{"line":67,"column":0},"end":{"line":67,"column":45}},"67":{"start":{"line":68,"column":0},"end":{"line":68,"column":8}},"68":{"start":{"line":69,"column":0},"end":{"line":69,"column":15}},"69":{"start":{"line":70,"column":0},"end":{"line":70,"column":30}},"70":{"start":{"line":71,"column":0},"end":{"line":71,"column":51}},"71":{"start":{"line":72,"column":0},"end":{"line":72,"column":39}},"72":{"start":{"line":73,"column":0},"end":{"line":73,"column":47}},"73":{"start":{"line":74,"column":0},"end":{"line":74,"column":39}},"74":{"start":{"line":75,"column":0},"end":{"line":75,"column":55}},"75":{"start":{"line":76,"column":0},"end":{"line":76,"column":9}},"76":{"start":{"line":77,"column":0},"end":{"line":77,"column":7}},"77":{"start":{"line":78,"column":0},"end":{"line":78,"column":49}},"78":{"start":{"line":79,"column":0},"end":{"line":79,"column":44}},"79":{"start":{"line":80,"column":0},"end":{"line":80,"column":9}},"80":{"start":{"line":81,"column":0},"end":{"line":81,"column":3}},"81":{"start":{"line":82,"column":0},"end":{"line":82,"column":3}},"82":{"start":{"line":83,"column":0},"end":{"line":83,"column":0}},"83":{"start":{"line":84,"column":0},"end":{"line":84,"column":71}},"84":{"start":{"line":85,"column":0},"end":{"line":85,"column":71}}},"s":{"0":1,"1":1,"2":1,"3":1,"4":1,"5":1,"6":1,"7":1,"8":1,"9":1,"10":1,"11":1,"12":1,"13":1,"14":1,"15":1,"16":1,"17":1,"18":1,"19":1,"20":1,"21":1,"22":1,"23":1,"24":1,"25":1,"26":1,"27":1,"28":1,"29":1,"30":0,"31":0,"32":0,"33":1,"34":1,"35":1,"36":1,"37":1,"38":1,"39":1,"40":1,"41":2,"42":1,"43":1,"44":1,"45":1,"46":1,"47":1,"48":1,"49":1,"50":1,"51":1,"52":1,"53":1,"54":1,"55":1,"56":1,"57":1,"58":1,"59":1,"60":1,"61":1,"62":1,"63":1,"64":2,"65":2,"66":1,"67":2,"68":2,"69":2,"70":2,"71":1,"72":1,"73":1,"74":1,"75":1,"76":2,"77":2,"78":1,"79":2,"80":2,"81":1,"82":1,"83":1,"84":1},"branchMap":{"0":{"type":"branch","line":41,"loc":{"start":{"line":41,"column":15},"end":{"line":47,"column":7}},"locations":[{"start":{"line":41,"column":15},"end":{"line":47,"column":7}}]},"1":{"type":"branch","line":42,"loc":{"start":{"line":42,"column":36},"end":{"line":46,"column":9}},"locations":[{"start":{"line":42,"column":36},"end":{"line":46,"column":9}}]},"2":{"type":"branch","line":48,"loc":{"start":{"line":48,"column":15},"end":{"line":48,"column":45}},"locations":[{"start":{"line":48,"column":15},"end":{"line":48,"column":45}}]},"3":{"type":"branch","line":52,"loc":{"start":{"line":52,"column":12},"end":{"line":56,"column":5}},"locations":[{"start":{"line":52,"column":12},"end":{"line":56,"column":5}}]},"4":{"type":"branch","line":54,"loc":{"start":{"line":54,"column":8},"end":{"line":54,"column":27}},"locations":[{"start":{"line":54,"column":8},"end":{"line":54,"column":27}}]},"5":{"type":"branch","line":57,"loc":{"start":{"line":57,"column":11},"end":{"line":62,"column":5}},"locations":[{"start":{"line":57,"column":11},"end":{"line":62,"column":5}}]},"6":{"type":"branch","line":64,"loc":{"start":{"line":64,"column":17},"end":{"line":81,"column":3}},"locations":[{"start":{"line":64,"column":17},"end":{"line":81,"column":3}}]},"7":{"type":"branch","line":66,"loc":{"start":{"line":66,"column":36},"end":{"line":68,"column":7}},"locations":[{"start":{"line":66,"column":36},"end":{"line":68,"column":7}}]},"8":{"type":"branch","line":71,"loc":{"start":{"line":71,"column":8},"end":{"line":76,"column":9}},"locations":[{"start":{"line":71,"column":8},"end":{"line":76,"column":9}}]},"9":{"type":"branch","line":78,"loc":{"start":{"line":78,"column":37},"end":{"line":80,"column":7}},"locations":[{"start":{"line":78,"column":37},"end":{"line":80,"column":7}}]}},"b":{"0":[2],"1":[1],"2":[2],"3":[1],"4":[1],"5":[1],"6":[2],"7":[1],"8":[1],"9":[1]},"fnMap":{"0":{"name":"reducer","decl":{"start":{"line":41,"column":15},"end":{"line":47,"column":7}},"loc":{"start":{"line":41,"column":15},"end":{"line":47,"column":7}},"line":41},"1":{"name":"prepare","decl":{"start":{"line":48,"column":15},"end":{"line":48,"column":45}},"loc":{"start":{"line":48,"column":15},"end":{"line":48,"column":45}},"line":48},"2":{"name":"delete","decl":{"start":{"line":52,"column":12},"end":{"line":56,"column":5}},"loc":{"start":{"line":52,"column":12},"end":{"line":56,"column":5}},"line":52},"3":{"name":"clear","decl":{"start":{"line":57,"column":11},"end":{"line":62,"column":5}},"loc":{"start":{"line":57,"column":11},"end":{"line":62,"column":5}},"line":57},"4":{"name":"extraReducers","decl":{"start":{"line":64,"column":17},"end":{"line":81,"column":3}},"loc":{"start":{"line":64,"column":17},"end":{"line":81,"column":3}},"line":64}},"f":{"0":2,"1":2,"2":1,"3":1,"4":2}}
,"/Users/romanov-km/Documents/dev/sb/stellar-burgers/src/services/slices/feed.ts": {"path":"/Users/romanov-km/Documents/dev/sb/stellar-burgers/src/services/slices/feed.ts","all":false,"statementMap":{"0":{"start":{"line":1,"column":0},"end":{"line":1,"column":47}},"1":{"start":{"line":2,"column":0},"end":{"line":2,"column":53}},"2":{"start":{"line":3,"column":0},"end":{"line":3,"column":41}},"3":{"start":{"line":4,"column":0},"end":{"line":4,"column":0}},"4":{"start":{"line":5,"column":0},"end":{"line":5,"column":19}},"5":{"start":{"line":6,"column":0},"end":{"line":6,"column":19}},"6":{"start":{"line":7,"column":0},"end":{"line":7,"column":16}},"7":{"start":{"line":8,"column":0},"end":{"line":8,"column":21}},"8":{"start":{"line":9,"column":0},"end":{"line":9,"column":24}},"9":{"start":{"line":10,"column":0},"end":{"line":10,"column":2}},"10":{"start":{"line":11,"column":0},"end":{"line":11,"column":0}},"11":{"start":{"line":12,"column":0},"end":{"line":12,"column":41}},"12":{"start":{"line":13,"column":0},"end":{"line":13,"column":13}},"13":{"start":{"line":14,"column":0},"end":{"line":14,"column":11}},"14":{"start":{"line":15,"column":0},"end":{"line":15,"column":16}},"15":{"start":{"line":16,"column":0},"end":{"line":16,"column":28}},"16":{"start":{"line":17,"column":0},"end":{"line":17,"column":2}},"17":{"start":{"line":18,"column":0},"end":{"line":18,"column":0}},"18":{"start":{"line":19,"column":0},"end":{"line":19,"column":38}},"19":{"start":{"line":20,"column":0},"end":{"line":20,"column":15}},"20":{"start":{"line":21,"column":0},"end":{"line":21,"column":15}},"21":{"start":{"line":22,"column":0},"end":{"line":22,"column":15}},"22":{"start":{"line":23,"column":0},"end":{"line":23,"column":31}},"23":{"start":{"line":24,"column":0},"end":{"line":24,"column":11}},"24":{"start":{"line":25,"column":0},"end":{"line":25,"column":55}},"25":{"start":{"line":26,"column":0},"end":{"line":26,"column":45}},"26":{"start":{"line":27,"column":0},"end":{"line":27,"column":43}},"27":{"start":{"line":28,"column":0},"end":{"line":28,"column":53}},"28":{"start":{"line":29,"column":0},"end":{"line":29,"column":45}},"29":{"start":{"line":30,"column":0},"end":{"line":30,"column":8}},"30":{"start":{"line":31,"column":0},"end":{"line":31,"column":46}},"31":{"start":{"line":32,"column":0},"end":{"line":32,"column":44}},"32":{"start":{"line":33,"column":0},"end":{"line":33,"column":8}},"33":{"start":{"line":34,"column":0},"end":{"line":34,"column":45}},"34":{"start":{"line":35,"column":0},"end":{"line":35,"column":45}},"35":{"start":{"line":36,"column":0},"end":{"line":36,"column":9}},"36":{"start":{"line":37,"column":0},"end":{"line":37,"column":3}},"37":{"start":{"line":38,"column":0},"end":{"line":38,"column":3}},"38":{"start":{"line":39,"column":0},"end":{"line":39,"column":0}},"39":{"start":{"line":40,"column":0},"end":{"line":40,"column":45}},"40":{"start":{"line":41,"column":0},"end":{"line":41,"column":45}}},"s":{"0":1,"1":1,"2":1,"3":1,"4":1,"5":1,"6":1,"7":1,"8":1,"9":1,"10":1,"11":1,"12":1,"13":1,"14":1,"15":1,"16":1,"17":1,"18":1,"19":1,"20":1,"21":1,"22":1,"23":2,"24":2,"25":1,"26":1,"27":1,"28":1,"29":2,"30":2,"31":1,"32":2,"33":2,"34":1,"35":2,"36":2,"37":1,"38":1,"39":1,"40":1},"branchMap":{"0":{"type":"branch","line":23,"loc":{"start":{"line":23,"column":17},"end":{"line":37,"column":3}},"locations":[{"start":{"line":23,"column":17},"end":{"line":37,"column":3}}]},"1":{"type":"branch","line":25,"loc":{"start":{"line":25,"column":35},"end":{"line":30,"column":7}},"locations":[{"start":{"line":25,"column":35},"end":{"line":30,"column":7}}]},"2":{"type":"branch","line":31,"loc":{"start":{"line":31,"column":34},"end":{"line":33,"column":7}},"locations":[{"start":{"line":31,"column":34},"end":{"line":33,"column":7}}]},"3":{"type":"branch","line":34,"loc":{"start":{"line":34,"column":33},"end":{"line":36,"column":7}},"locations":[{"start":{"line":34,"column":33},"end":{"line":36,"column":7}}]}},"b":{"0":[2],"1":[1],"2":[1],"3":[1]},"fnMap":{"0":{"name":"extraReducers","decl":{"start":{"line":23,"column":17},"end":{"line":37,"column":3}},"loc":{"start":{"line":23,"column":17},"end":{"line":37,"column":3}},"line":23}},"f":{"0":2}}
,"/Users/romanov-km/Documents/dev/sb/stellar-burgers/src/services/slices/ingredients.ts": {"path":"/Users/romanov-km/Documents/dev/sb/stellar-burgers/src/services/slices/ingredients.ts","all":false,"statementMap":{"0":{"start":{"line":1,"column":0},"end":{"line":1,"column":43}},"1":{"start":{"line":2,"column":0},"end":{"line":2,"column":45}},"2":{"start":{"line":3,"column":0},"end":{"line":3,"column":54}},"3":{"start":{"line":4,"column":0},"end":{"line":4,"column":47}},"4":{"start":{"line":5,"column":0},"end":{"line":5,"column":0}},"5":{"start":{"line":6,"column":0},"end":{"line":6,"column":32}},"6":{"start":{"line":7,"column":0},"end":{"line":7,"column":22}},"7":{"start":{"line":8,"column":0},"end":{"line":8,"column":24}},"8":{"start":{"line":9,"column":0},"end":{"line":9,"column":2}},"9":{"start":{"line":10,"column":0},"end":{"line":10,"column":0}},"10":{"start":{"line":11,"column":0},"end":{"line":11,"column":47}},"11":{"start":{"line":12,"column":0},"end":{"line":12,"column":11}},"12":{"start":{"line":13,"column":0},"end":{"line":13,"column":28}},"13":{"start":{"line":14,"column":0},"end":{"line":14,"column":2}},"14":{"start":{"line":15,"column":0},"end":{"line":15,"column":0}},"15":{"start":{"line":16,"column":0},"end":{"line":16,"column":45}},"16":{"start":{"line":17,"column":0},"end":{"line":17,"column":22}},"17":{"start":{"line":18,"column":0},"end":{"line":18,"column":15}},"18":{"start":{"line":19,"column":0},"end":{"line":19,"column":15}},"19":{"start":{"line":20,"column":0},"end":{"line":20,"column":31}},"20":{"start":{"line":21,"column":0},"end":{"line":21,"column":11}},"21":{"start":{"line":22,"column":0},"end":{"line":22,"column":51}},"22":{"start":{"line":23,"column":0},"end":{"line":23,"column":45}},"23":{"start":{"line":24,"column":0},"end":{"line":24,"column":8}},"24":{"start":{"line":25,"column":0},"end":{"line":25,"column":61}},"25":{"start":{"line":26,"column":0},"end":{"line":26,"column":45}},"26":{"start":{"line":27,"column":0},"end":{"line":27,"column":36}},"27":{"start":{"line":28,"column":0},"end":{"line":28,"column":8}},"28":{"start":{"line":29,"column":0},"end":{"line":29,"column":52}},"29":{"start":{"line":30,"column":0},"end":{"line":30,"column":44}},"30":{"start":{"line":31,"column":0},"end":{"line":31,"column":9}},"31":{"start":{"line":32,"column":0},"end":{"line":32,"column":4}},"32":{"start":{"line":33,"column":0},"end":{"line":33,"column":14}},"33":{"start":{"line":34,"column":0},"end":{"line":34,"column":69}},"34":{"start":{"line":35,"column":0},"end":{"line":35,"column":72}},"35":{"start":{"line":36,"column":0},"end":{"line":36,"column":3}},"36":{"start":{"line":37,"column":0},"end":{"line":37,"column":3}},"37":{"start":{"line":38,"column":0},"end":{"line":38,"column":0}},"38":{"start":{"line":39,"column":0},"end":{"line":39,"column":62}},"39":{"start":{"line":40,"column":0},"end":{"line":40,"column":59}}},"s":{"0":1,"1":1,"2":1,"3":1,"4":1,"5":1,"6":1,"7":1,"8":1,"9":1,"10":1,"11":1,"12":1,"13":1,"14":1,"15":1,"16":1,"17":1,"18":1,"19":1,"20":2,"21":2,"22":1,"23":2,"24":2,"25":1,"26":1,"27":2,"28":2,"29":1,"30":2,"31":1,"32":1,"33":1,"34":1,"35":1,"36":1,"37":1,"38":1,"39":1},"branchMap":{"0":{"type":"branch","line":20,"loc":{"start":{"line":20,"column":17},"end":{"line":32,"column":3}},"locations":[{"start":{"line":20,"column":17},"end":{"line":32,"column":3}}]},"1":{"type":"branch","line":22,"loc":{"start":{"line":22,"column":39},"end":{"line":24,"column":7}},"locations":[{"start":{"line":22,"column":39},"end":{"line":24,"column":7}}]},"2":{"type":"branch","line":25,"loc":{"start":{"line":25,"column":41},"end":{"line":28,"column":7}},"locations":[{"start":{"line":25,"column":41},"end":{"line":28,"column":7}}]},"3":{"type":"branch","line":29,"loc":{"start":{"line":29,"column":40},"end":{"line":31,"column":7}},"locations":[{"start":{"line":29,"column":40},"end":{"line":31,"column":7}}]}},"b":{"0":[2],"1":[1],"2":[1],"3":[1]},"fnMap":{"0":{"name":"extraReducers","decl":{"start":{"line":20,"column":17},"end":{"line":32,"column":3}},"loc":{"start":{"line":20,"column":17},"end":{"line":32,"column":3}},"line":20},"1":{"name":"selectorIngredientsData","decl":{"start":{"line":34,"column":29},"end":{"line":34,"column":63}},"loc":{"start":{"line":34,"column":29},"end":{"line":34,"column":63}},"line":34},"2":{"name":"selectorIngredientsStatus","decl":{"start":{"line":35,"column":31},"end":{"line":35,"column":65}},"loc":{"start":{"line":35,"column":31},"end":{"line":35,"column":65}},"line":35}},"f":{"0":2,"1":0,"2":0}}
,"/Users/romanov-km/Documents/dev/sb/stellar-burgers/src/services/slices/order.ts": {"path":"/Users/romanov-km/Documents/dev/sb/stellar-burgers/src/services/slices/order.ts","all":false,"statementMap":{"0":{"start":{"line":1,"column":0},"end":{"line":1,"column":47}},"1":{"start":{"line":2,"column":0},"end":{"line":2,"column":53}},"2":{"start":{"line":3,"column":0},"end":{"line":3,"column":42}},"3":{"start":{"line":4,"column":0},"end":{"line":4,"column":0}},"4":{"start":{"line":5,"column":0},"end":{"line":5,"column":20}},"5":{"start":{"line":6,"column":0},"end":{"line":6,"column":22}},"6":{"start":{"line":7,"column":0},"end":{"line":7,"column":24}},"7":{"start":{"line":8,"column":0},"end":{"line":8,"column":2}},"8":{"start":{"line":9,"column":0},"end":{"line":9,"column":0}},"9":{"start":{"line":10,"column":0},"end":{"line":10,"column":42}},"10":{"start":{"line":11,"column":0},"end":{"line":11,"column":13}},"11":{"start":{"line":12,"column":0},"end":{"line":12,"column":28}},"12":{"start":{"line":13,"column":0},"end":{"line":13,"column":2}},"13":{"start":{"line":14,"column":0},"end":{"line":14,"column":0}},"14":{"start":{"line":15,"column":0},"end":{"line":15,"column":39}},"15":{"start":{"line":16,"column":0},"end":{"line":16,"column":16}},"16":{"start":{"line":17,"column":0},"end":{"line":17,"column":15}},"17":{"start":{"line":18,"column":0},"end":{"line":18,"column":15}},"18":{"start":{"line":19,"column":0},"end":{"line":19,"column":31}},"19":{"start":{"line":20,"column":0},"end":{"line":20,"column":11}},"20":{"start":{"line":21,"column":0},"end":{"line":21,"column":55}},"21":{"start":{"line":22,"column":0},"end":{"line":22,"column":36}},"22":{"start":{"line":23,"column":0},"end":{"line":23,"column":45}},"23":{"start":{"line":24,"column":0},"end":{"line":24,"column":8}},"24":{"start":{"line":25,"column":0},"end":{"line":25,"column":46}},"25":{"start":{"line":26,"column":0},"end":{"line":26,"column":44}},"26":{"start":{"line":27,"column":0},"end":{"line":27,"column":8}},"27":{"start":{"line":28,"column":0},"end":{"line":28,"column":45}},"28":{"start":{"line":29,"column":0},"end":{"line":29,"column":45}},"29":{"start":{"line":30,"column":0},"end":{"line":30,"column":9}},"30":{"start":{"line":31,"column":0},"end":{"line":31,"column":3}},"31":{"start":{"line":32,"column":0},"end":{"line":32,"column":3}},"32":{"start":{"line":33,"column":0},"end":{"line":33,"column":0}},"33":{"start":{"line":34,"column":0},"end":{"line":34,"column":47}},"34":{"start":{"line":35,"column":0},"end":{"line":35,"column":47}}},"s":{"0":1,"1":1,"2":1,"3":1,"4":1,"5":1,"6":1,"7":1,"8":1,"9":1,"10":1,"11":1,"12":1,"13":1,"14":1,"15":1,"16":1,"17":1,"18":1,"19":2,"20":2,"21":1,"22":1,"23":2,"24":2,"25":1,"26":2,"27":2,"28":1,"29":2,"30":2,"31":1,"32":1,"33":1,"34":1},"branchMap":{"0":{"type":"branch","line":19,"loc":{"start":{"line":19,"column":17},"end":{"line":31,"column":3}},"locations":[{"start":{"line":19,"column":17},"end":{"line":31,"column":3}}]},"1":{"type":"branch","line":21,"loc":{"start":{"line":21,"column":35},"end":{"line":24,"column":7}},"locations":[{"start":{"line":21,"column":35},"end":{"line":24,"column":7}}]},"2":{"type":"branch","line":25,"loc":{"start":{"line":25,"column":34},"end":{"line":27,"column":7}},"locations":[{"start":{"line":25,"column":34},"end":{"line":27,"column":7}}]},"3":{"type":"branch","line":28,"loc":{"start":{"line":28,"column":33},"end":{"line":30,"column":7}},"locations":[{"start":{"line":28,"column":33},"end":{"line":30,"column":7}}]}},"b":{"0":[2],"1":[1],"2":[1],"3":[1]},"fnMap":{"0":{"name":"extraReducers","decl":{"start":{"line":19,"column":17},"end":{"line":31,"column":3}},"loc":{"start":{"line":19,"column":17},"end":{"line":31,"column":3}},"line":19}},"f":{"0":2}}
,"/Users/romanov-km/Documents/dev/sb/stellar-burgers/src/services/slices/orders.ts": {"path":"/Users/romanov-km/Documents/dev/sb/stellar-burgers/src/services/slices/orders.ts","all":false,"statementMap":{"0":{"start":{"line":1,"column":0},"end":{"line":1,"column":47}},"1":{"start":{"line":2,"column":0},"end":{"line":2,"column":53}},"2":{"start":{"line":3,"column":0},"end":{"line":3,"column":44}},"3":{"start":{"line":4,"column":0},"end":{"line":4,"column":0}},"4":{"start":{"line":5,"column":0},"end":{"line":5,"column":20}},"5":{"start":{"line":6,"column":0},"end":{"line":6,"column":19}},"6":{"start":{"line":7,"column":0},"end":{"line":7,"column":24}},"7":{"start":{"line":8,"column":0},"end":{"line":8,"column":2}},"8":{"start":{"line":9,"column":0},"end":{"line":9,"column":0}},"9":{"start":{"line":10,"column":0},"end":{"line":10,"column":42}},"10":{"start":{"line":11,"column":0},"end":{"line":11,"column":13}},"11":{"start":{"line":12,"column":0},"end":{"line":12,"column":28}},"12":{"start":{"line":13,"column":0},"end":{"line":13,"column":2}},"13":{"start":{"line":14,"column":0},"end":{"line":14,"column":0}},"14":{"start":{"line":15,"column":0},"end":{"line":15,"column":40}},"15":{"start":{"line":16,"column":0},"end":{"line":16,"column":17}},"16":{"start":{"line":17,"column":0},"end":{"line":17,"column":15}},"17":{"start":{"line":18,"column":0},"end":{"line":18,"column":15}},"18":{"start":{"line":19,"column":0},"end":{"line":19,"column":31}},"19":{"start":{"line":20,"column":0},"end":{"line":20,"column":11}},"20":{"start":{"line":21,"column":0},"end":{"line":21,"column":56}},"21":{"start":{"line":22,"column":0},"end":{"line":22,"column":45}},"22":{"start":{"line":23,"column":0},"end":{"line":23,"column":38}},"23":{"start":{"line":24,"column":0},"end":{"line":24,"column":8}},"24":{"start":{"line":25,"column":0},"end":{"line":25,"column":46}},"25":{"start":{"line":26,"column":0},"end":{"line":26,"column":45}},"26":{"start":{"line":27,"column":0},"end":{"line":27,"column":8}},"27":{"start":{"line":28,"column":0},"end":{"line":28,"column":47}},"28":{"start":{"line":29,"column":0},"end":{"line":29,"column":44}},"29":{"start":{"line":30,"column":0},"end":{"line":30,"column":9}},"30":{"start":{"line":31,"column":0},"end":{"line":31,"column":3}},"31":{"start":{"line":32,"column":0},"end":{"line":32,"column":3}},"32":{"start":{"line":33,"column":0},"end":{"line":33,"column":0}},"33":{"start":{"line":34,"column":0},"end":{"line":34,"column":49}},"34":{"start":{"line":35,"column":0},"end":{"line":35,"column":49}}},"s":{"0":1,"1":1,"2":1,"3":1,"4":1,"5":1,"6":1,"7":1,"8":1,"9":1,"10":1,"11":1,"12":1,"13":1,"14":1,"15":1,"16":1,"17":1,"18":1,"19":2,"20":2,"21":1,"22":1,"23":2,"24":2,"25":1,"26":2,"27":2,"28":1,"29":2,"30":2,"31":1,"32":1,"33":1,"34":1},"branchMap":{"0":{"type":"branch","line":19,"loc":{"start":{"line":19,"column":17},"end":{"line":31,"column":3}},"locations":[{"start":{"line":19,"column":17},"end":{"line":31,"column":3}}]},"1":{"type":"branch","line":21,"loc":{"start":{"line":21,"column":36},"end":{"line":24,"column":7}},"locations":[{"start":{"line":21,"column":36},"end":{"line":24,"column":7}}]},"2":{"type":"branch","line":25,"loc":{"start":{"line":25,"column":34},"end":{"line":27,"column":7}},"locations":[{"start":{"line":25,"column":34},"end":{"line":27,"column":7}}]},"3":{"type":"branch","line":28,"loc":{"start":{"line":28,"column":35},"end":{"line":30,"column":7}},"locations":[{"start":{"line":28,"column":35},"end":{"line":30,"column":7}}]}},"b":{"0":[2],"1":[1],"2":[1],"3":[1]},"fnMap":{"0":{"name":"extraReducers","decl":{"start":{"line":19,"column":17},"end":{"line":31,"column":3}},"loc":{"start":{"line":19,"column":17},"end":{"line":31,"column":3}},"line":19}},"f":{"0":2}}
,"/Users/romanov-km/Documents/dev/sb/stellar-burgers/src/services/slices/user.ts": {"path":"/Users/romanov-km/Documents/dev/sb/stellar-burgers/src/services/slices/user.ts","all":false,"statementMap":{"0":{"start":{"line":1,"column":0},"end":{"line":1,"column":62}},"1":{"start":{"line":2,"column":0},"end":{"line":2,"column":52}},"2":{"start":{"line":3,"column":0},"end":{"line":3,"column":80}},"3":{"start":{"line":4,"column":0},"end":{"line":4,"column":0}},"4":{"start":{"line":5,"column":0},"end":{"line":5,"column":26}},"5":{"start":{"line":6,"column":0},"end":{"line":6,"column":25}},"6":{"start":{"line":7,"column":0},"end":{"line":7,"column":21}},"7":{"start":{"line":8,"column":0},"end":{"line":8,"column":31}},"8":{"start":{"line":9,"column":0},"end":{"line":9,"column":2}},"9":{"start":{"line":10,"column":0},"end":{"line":10,"column":0}},"10":{"start":{"line":11,"column":0},"end":{"line":11,"column":41}},"11":{"start":{"line":12,"column":0},"end":{"line":12,"column":23}},"12":{"start":{"line":13,"column":0},"end":{"line":13,"column":13}},"13":{"start":{"line":14,"column":0},"end":{"line":14,"column":35}},"14":{"start":{"line":15,"column":0},"end":{"line":15,"column":2}},"15":{"start":{"line":16,"column":0},"end":{"line":16,"column":0}},"16":{"start":{"line":17,"column":0},"end":{"line":17,"column":38}},"17":{"start":{"line":18,"column":0},"end":{"line":18,"column":15}},"18":{"start":{"line":19,"column":0},"end":{"line":19,"column":15}},"19":{"start":{"line":20,"column":0},"end":{"line":20,"column":13}},"20":{"start":{"line":21,"column":0},"end":{"line":21,"column":64}},"21":{"start":{"line":22,"column":0},"end":{"line":22,"column":43}},"22":{"start":{"line":23,"column":0},"end":{"line":23,"column":6}},"23":{"start":{"line":24,"column":0},"end":{"line":24,"column":55}},"24":{"start":{"line":25,"column":0},"end":{"line":25,"column":34}},"25":{"start":{"line":26,"column":0},"end":{"line":26,"column":6}},"26":{"start":{"line":27,"column":0},"end":{"line":27,"column":24}},"27":{"start":{"line":28,"column":0},"end":{"line":28,"column":24}},"28":{"start":{"line":29,"column":0},"end":{"line":29,"column":5}},"29":{"start":{"line":30,"column":0},"end":{"line":30,"column":4}},"30":{"start":{"line":31,"column":0},"end":{"line":31,"column":31}},"31":{"start":{"line":32,"column":0},"end":{"line":32,"column":11}},"32":{"start":{"line":33,"column":0},"end":{"line":33,"column":61}},"33":{"start":{"line":34,"column":0},"end":{"line":34,"column":34}},"34":{"start":{"line":35,"column":0},"end":{"line":35,"column":50}},"35":{"start":{"line":36,"column":0},"end":{"line":36,"column":7}},"36":{"start":{"line":37,"column":0},"end":{"line":37,"column":51}},"37":{"start":{"line":38,"column":0},"end":{"line":38,"column":50}},"38":{"start":{"line":39,"column":0},"end":{"line":39,"column":7}},"39":{"start":{"line":40,"column":0},"end":{"line":40,"column":52}},"40":{"start":{"line":41,"column":0},"end":{"line":41,"column":49}},"41":{"start":{"line":42,"column":0},"end":{"line":42,"column":7}},"42":{"start":{"line":43,"column":0},"end":{"line":43,"column":14}},"43":{"start":{"line":44,"column":0},"end":{"line":44,"column":64}},"44":{"start":{"line":45,"column":0},"end":{"line":45,"column":34}},"45":{"start":{"line":46,"column":0},"end":{"line":46,"column":50}},"46":{"start":{"line":47,"column":0},"end":{"line":47,"column":7}},"47":{"start":{"line":48,"column":0},"end":{"line":48,"column":54}},"48":{"start":{"line":49,"column":0},"end":{"line":49,"column":50}},"49":{"start":{"line":50,"column":0},"end":{"line":50,"column":7}},"50":{"start":{"line":51,"column":0},"end":{"line":51,"column":55}},"51":{"start":{"line":52,"column":0},"end":{"line":52,"column":49}},"52":{"start":{"line":53,"column":0},"end":{"line":53,"column":7}},"53":{"start":{"line":54,"column":0},"end":{"line":54,"column":12}},"54":{"start":{"line":55,"column":0},"end":{"line":55,"column":54}},"55":{"start":{"line":56,"column":0},"end":{"line":56,"column":24}},"56":{"start":{"line":57,"column":0},"end":{"line":57,"column":34}},"57":{"start":{"line":58,"column":0},"end":{"line":58,"column":7}},"58":{"start":{"line":59,"column":0},"end":{"line":59,"column":52}},"59":{"start":{"line":60,"column":0},"end":{"line":60,"column":50}},"60":{"start":{"line":61,"column":0},"end":{"line":61,"column":7}},"61":{"start":{"line":62,"column":0},"end":{"line":62,"column":53}},"62":{"start":{"line":63,"column":0},"end":{"line":63,"column":49}},"63":{"start":{"line":64,"column":0},"end":{"line":64,"column":7}},"64":{"start":{"line":65,"column":0},"end":{"line":65,"column":12}},"65":{"start":{"line":66,"column":0},"end":{"line":66,"column":52}},"66":{"start":{"line":67,"column":0},"end":{"line":67,"column":50}},"67":{"start":{"line":68,"column":0},"end":{"line":68,"column":7}},"68":{"start":{"line":69,"column":0},"end":{"line":69,"column":62}},"69":{"start":{"line":70,"column":0},"end":{"line":70,"column":34}},"70":{"start":{"line":71,"column":0},"end":{"line":71,"column":50}},"71":{"start":{"line":72,"column":0},"end":{"line":72,"column":7}},"72":{"start":{"line":73,"column":0},"end":{"line":73,"column":53}},"73":{"start":{"line":74,"column":0},"end":{"line":74,"column":49}},"74":{"start":{"line":75,"column":0},"end":{"line":75,"column":7}},"75":{"start":{"line":76,"column":0},"end":{"line":76,"column":4}},"76":{"start":{"line":77,"column":0},"end":{"line":77,"column":14}},"77":{"start":{"line":78,"column":0},"end":{"line":78,"column":47}},"78":{"start":{"line":79,"column":0},"end":{"line":79,"column":62}},"79":{"start":{"line":80,"column":0},"end":{"line":80,"column":3}},"80":{"start":{"line":81,"column":0},"end":{"line":81,"column":3}},"81":{"start":{"line":82,"column":0},"end":{"line":82,"column":0}},"82":{"start":{"line":83,"column":0},"end":{"line":83,"column":45}},"83":{"start":{"line":84,"column":0},"end":{"line":84,"column":45}},"84":{"start":{"line":85,"column":0},"end":{"line":85,"column":49}}},"s":{"0":1,"1":1,"2":1,"3":1,"4":1,"5":1,"6":1,"7":1,"8":1,"9":1,"10":1,"11":1,"12":1,"13":1,"14":1,"15":1,"16":1,"17":1,"18":1,"19":1,"20":1,"21":1,"22":1,"23":1,"24":1,"25":1,"26":1,"27":1,"28":1,"29":1,"30":1,"31":2,"32":2,"33":1,"34":1,"35":2,"36":2,"37":1,"38":2,"39":2,"40":1,"41":2,"42":2,"43":2,"44":1,"45":1,"46":2,"47":2,"48":1,"49":2,"50":2,"51":1,"52":2,"53":2,"54":2,"55":1,"56":1,"57":2,"58":2,"59":1,"60":2,"61":2,"62":1,"63":2,"64":2,"65":2,"66":1,"67":2,"68":2,"69":1,"70":1,"71":2,"72":2,"73":1,"74":2,"75":1,"76":1,"77":1,"78":1,"79":1,"80":1,"81":1,"82":1,"83":1,"84":1},"branchMap":{"0":{"type":"branch","line":21,"loc":{"start":{"line":21,"column":20},"end":{"line":23,"column":5}},"locations":[{"start":{"line":21,"column":20},"end":{"line":23,"column":5}}]},"1":{"type":"branch","line":24,"loc":{"start":{"line":24,"column":13},"end":{"line":26,"column":5}},"locations":[{"start":{"line":24,"column":13},"end":{"line":26,"column":5}}]},"2":{"type":"branch","line":27,"loc":{"start":{"line":27,"column":12},"end":{"line":29,"column":5}},"locations":[{"start":{"line":27,"column":12},"end":{"line":29,"column":5}}]},"3":{"type":"branch","line":31,"loc":{"start":{"line":31,"column":17},"end":{"line":76,"column":3}},"locations":[{"start":{"line":31,"column":17},"end":{"line":76,"column":3}}]},"4":{"type":"branch","line":33,"loc":{"start":{"line":33,"column":41},"end":{"line":36,"column":5}},"locations":[{"start":{"line":33,"column":41},"end":{"line":36,"column":5}}]},"5":{"type":"branch","line":37,"loc":{"start":{"line":37,"column":39},"end":{"line":39,"column":5}},"locations":[{"start":{"line":37,"column":39},"end":{"line":39,"column":5}}]},"6":{"type":"branch","line":40,"loc":{"start":{"line":40,"column":40},"end":{"line":42,"column":5}},"locations":[{"start":{"line":40,"column":40},"end":{"line":42,"column":5}}]},"7":{"type":"branch","line":44,"loc":{"start":{"line":44,"column":44},"end":{"line":47,"column":5}},"locations":[{"start":{"line":44,"column":44},"end":{"line":47,"column":5}}]},"8":{"type":"branch","line":48,"loc":{"start":{"line":48,"column":42},"end":{"line":50,"column":5}},"locations":[{"start":{"line":48,"column":42},"end":{"line":50,"column":5}}]},"9":{"type":"branch","line":51,"loc":{"start":{"line":51,"column":43},"end":{"line":53,"column":5}},"locations":[{"start":{"line":51,"column":43},"end":{"line":53,"column":5}}]},"10":{"type":"branch","line":55,"loc":{"start":{"line":55,"column":42},"end":{"line":58,"column":5}},"locations":[{"start":{"line":55,"column":42},"end":{"line":58,"column":5}}]},"11":{"type":"branch","line":59,"loc":{"start":{"line":59,"column":40},"end":{"line":61,"column":5}},"locations":[{"start":{"line":59,"column":40},"end":{"line":61,"column":5}}]},"12":{"type":"branch","line":62,"loc":{"start":{"line":62,"column":41},"end":{"line":64,"column":5}},"locations":[{"start":{"line":62,"column":41},"end":{"line":64,"column":5}}]},"13":{"type":"branch","line":66,"loc":{"start":{"line":66,"column":40},"end":{"line":68,"column":5}},"locations":[{"start":{"line":66,"column":40},"end":{"line":68,"column":5}}]},"14":{"type":"branch","line":69,"loc":{"start":{"line":69,"column":42},"end":{"line":72,"column":5}},"locations":[{"start":{"line":69,"column":42},"end":{"line":72,"column":5}}]},"15":{"type":"branch","line":73,"loc":{"start":{"line":73,"column":41},"end":{"line":75,"column":5}},"locations":[{"start":{"line":73,"column":41},"end":{"line":75,"column":5}}]}},"b":{"0":[1],"1":[1],"2":[1],"3":[2],"4":[1],"5":[1],"6":[1],"7":[1],"8":[1],"9":[1],"10":[1],"11":[1],"12":[1],"13":[1],"14":[1],"15":[1]},"fnMap":{"0":{"name":"setAuthChecked","decl":{"start":{"line":21,"column":20},"end":{"line":23,"column":5}},"loc":{"start":{"line":21,"column":20},"end":{"line":23,"column":5}},"line":21},"1":{"name":"setUser","decl":{"start":{"line":24,"column":13},"end":{"line":26,"column":5}},"loc":{"start":{"line":24,"column":13},"end":{"line":26,"column":5}},"line":24},"2":{"name":"logout","decl":{"start":{"line":27,"column":12},"end":{"line":29,"column":5}},"loc":{"start":{"line":27,"column":12},"end":{"line":29,"column":5}},"line":27},"3":{"name":"extraReducers","decl":{"start":{"line":31,"column":17},"end":{"line":76,"column":3}},"loc":{"start":{"line":31,"column":17},"end":{"line":76,"column":3}},"line":31},"4":{"name":"getUser","decl":{"start":{"line":78,"column":13},"end":{"line":78,"column":41}},"loc":{"start":{"line":78,"column":13},"end":{"line":78,"column":41}},"line":78},"5":{"name":"getAuthChecked","decl":{"start":{"line":79,"column":20},"end":{"line":79,"column":48}},"loc":{"start":{"line":79,"column":20},"end":{"line":79,"column":48}},"line":79}},"f":{"0":1,"1":1,"2":1,"3":2,"4":0,"5":0}}
}
